0 info it worked if it ends with ok
1 verbose cli [ '/usr/local/Cellar/node/6.3.1/bin/node',
1 verbose cli   '/usr/local/bin/npm',
1 verbose cli   'run',
1 verbose cli   'webpack-watch' ]
2 info using npm@3.10.3
3 info using node@v6.3.1
4 verbose run-script [ 'prewebpack-watch', 'webpack-watch', 'postwebpack-watch' ]
5 info lifecycle react-begin@1.0.0~prewebpack-watch: react-begin@1.0.0
6 silly lifecycle react-begin@1.0.0~prewebpack-watch: no script for prewebpack-watch, continuing
7 info lifecycle react-begin@1.0.0~webpack-watch: react-begin@1.0.0
8 verbose lifecycle react-begin@1.0.0~webpack-watch: unsafe-perm in lifecycle true
9 verbose lifecycle react-begin@1.0.0~webpack-watch: PATH: /usr/local/lib/node_modules/npm/bin/node-gyp-bin:/Users/jlee/jason/react-begin/react-begin/node_modules/.bin:/usr/local/Cellar/node/6.3.1/bin:/usr/local/lib/node_modules/npm/bin/node-gyp-bin:/Users/jlee/jason/react-begin/react-begin/node_modules/.bin:/usr/local/Cellar/node/6.3.1/bin:/Users/jlee/.rvm/gems/ruby-2.3.1/bin:/Users/jlee/.rvm/gems/ruby-2.3.1@global/bin:/Users/jlee/.rvm/rubies/ruby-2.3.1/bin:/usr/local/bin:/usr/bin:/bin:/usr/sbin:/sbin:/usr/local/bin:/usr/bin:/bin:/usr/sbin:/sbin:/Users/jlee/.rvm/bin
10 verbose lifecycle react-begin@1.0.0~webpack-watch: CWD: /Users/jlee/jason/react-begin/react-begin
11 silly lifecycle react-begin@1.0.0~webpack-watch: Args: [ '-c', 'webpack-w' ]
12 info lifecycle react-begin@1.0.0~webpack-watch: Failed to exec webpack-watch script
13 verbose stack Error: react-begin@1.0.0 webpack-watch: `webpack-w`
13 verbose stack spawn ENOENT
13 verbose stack     at ChildProcess.<anonymous> (/usr/local/lib/node_modules/npm/lib/utils/spawn.js:33:16)
13 verbose stack     at emitTwo (events.js:106:13)
13 verbose stack     at ChildProcess.emit (events.js:191:7)
13 verbose stack     at maybeClose (internal/child_process.js:852:16)
13 verbose stack     at Process.ChildProcess._handle.onexit (internal/child_process.js:215:5)
14 verbose pkgid react-begin@1.0.0
15 verbose cwd /Users/jlee/jason/react-begin/react-begin
16 error Darwin 15.6.0
17 error argv "/usr/local/Cellar/node/6.3.1/bin/node" "/usr/local/bin/npm" "run" "webpack-watch"
18 error node v6.3.1
19 error npm  v3.10.3
20 error file sh
21 error code ELIFECYCLE
22 error errno ENOENT
23 error syscall spawn
24 error react-begin@1.0.0 webpack-watch: `webpack-w`
24 error spawn ENOENT
25 error Failed at the react-begin@1.0.0 webpack-watch script 'webpack-w'.
25 error Make sure you have the latest version of node.js and npm installed.
25 error If you do, this is most likely a problem with the react-begin package,
25 error not with npm itself.
25 error Tell the author that this fails on your system:
25 error     webpack-w
25 error You can get information on how to open an issue for this project with:
25 error     npm bugs react-begin
25 error Or if that isn't available, you can get their info via:
25 error     npm owner ls react-begin
25 error There is likely additional logging output above.
26 verbose exit [ 1, true ]
